

Started GET "/movies" for 127.0.0.1 at 2014-10-05 09:42:09 -0400
Connecting to database specified by database.yml
Processing by MoviesController#index as HTML
Completed 500 Internal Server Error in 120.8ms

ActiveRecord::StatementInvalid (Could not find table 'movies'):
  app/controllers/movies_controller.rb:10:in `index'


  Rendered /var/lib/gems/1.9.1/gems/actionpack-3.2.18/lib/action_dispatch/middleware/templates/rescues/_trace.erb (1.4ms)
  Rendered /var/lib/gems/1.9.1/gems/actionpack-3.2.18/lib/action_dispatch/middleware/templates/rescues/_request_and_response.erb (2.8ms)
  Rendered /var/lib/gems/1.9.1/gems/actionpack-3.2.18/lib/action_dispatch/middleware/templates/rescues/diagnostics.erb within rescues/layout (53.8ms)
Connecting to database specified by database.yml
  [1m[36m (0.2ms)[0m  [1mselect sqlite_version(*)[0m
  [1m[35m (111.9ms)[0m  CREATE TABLE "schema_migrations" ("version" varchar(255) NOT NULL) 
  [1m[36m (88.5ms)[0m  [1mCREATE UNIQUE INDEX "unique_schema_migrations" ON "schema_migrations" ("version")[0m
  [1m[35m (0.2ms)[0m  SELECT "schema_migrations"."version" FROM "schema_migrations" 
Migrating to CreateMovies (20111119180638)
  [1m[36m (0.1ms)[0m  [1mbegin transaction[0m
  [1m[35m (1.1ms)[0m  CREATE TABLE "movies" ("id" INTEGER PRIMARY KEY AUTOINCREMENT NOT NULL, "title" varchar(255), "rating" varchar(255), "description" text, "release_date" datetime, "created_at" datetime NOT NULL, "updated_at" datetime NOT NULL) 
  [1m[36m (0.1ms)[0m  [1mINSERT INTO "schema_migrations" ("version") VALUES ('20111119180638')[0m
  [1m[35m (88.0ms)[0m  commit transaction
  [1m[36m (0.1ms)[0m  [1mSELECT "schema_migrations"."version" FROM "schema_migrations" [0m
Connecting to database specified by database.yml
  [1m[36m (0.1ms)[0m  [1mSELECT "schema_migrations"."version" FROM "schema_migrations" [0m
  [1m[35m (0.2ms)[0m  begin transaction
  [1m[36mSQL (10.7ms)[0m  [1mINSERT INTO "movies" ("created_at", "description", "rating", "release_date", "title", "updated_at") VALUES (?, ?, ?, ?, ?, ?)[0m  [["created_at", Sun, 05 Oct 2014 13:42:35 UTC +00:00], ["description", nil], ["rating", "G"], ["release_date", Wed, 25 Nov 1992 00:00:00 UTC +00:00], ["title", "Aladdin"], ["updated_at", Sun, 05 Oct 2014 13:42:35 UTC +00:00]]
  [1m[35m (114.6ms)[0m  commit transaction
  [1m[36m (0.2ms)[0m  [1mbegin transaction[0m
  [1m[35mSQL (0.8ms)[0m  INSERT INTO "movies" ("created_at", "description", "rating", "release_date", "title", "updated_at") VALUES (?, ?, ?, ?, ?, ?)  [["created_at", Sun, 05 Oct 2014 13:42:35 UTC +00:00], ["description", nil], ["rating", "R"], ["release_date", Fri, 26 Oct 1984 00:00:00 UTC +00:00], ["title", "The Terminator"], ["updated_at", Sun, 05 Oct 2014 13:42:35 UTC +00:00]]
  [1m[36m (92.3ms)[0m  [1mcommit transaction[0m
  [1m[35m (0.1ms)[0m  begin transaction
  [1m[36mSQL (0.7ms)[0m  [1mINSERT INTO "movies" ("created_at", "description", "rating", "release_date", "title", "updated_at") VALUES (?, ?, ?, ?, ?, ?)[0m  [["created_at", Sun, 05 Oct 2014 13:42:36 UTC +00:00], ["description", nil], ["rating", "R"], ["release_date", Fri, 21 Jul 1989 00:00:00 UTC +00:00], ["title", "When Harry Met Sally"], ["updated_at", Sun, 05 Oct 2014 13:42:36 UTC +00:00]]
  [1m[35m (105.1ms)[0m  commit transaction
  [1m[36m (0.1ms)[0m  [1mbegin transaction[0m
  [1m[35mSQL (0.3ms)[0m  INSERT INTO "movies" ("created_at", "description", "rating", "release_date", "title", "updated_at") VALUES (?, ?, ?, ?, ?, ?)  [["created_at", Sun, 05 Oct 2014 13:42:36 UTC +00:00], ["description", nil], ["rating", "PG-13"], ["release_date", Wed, 10 Aug 2011 00:00:00 UTC +00:00], ["title", "The Help"], ["updated_at", Sun, 05 Oct 2014 13:42:36 UTC +00:00]]
  [1m[36m (89.1ms)[0m  [1mcommit transaction[0m
  [1m[35m (0.1ms)[0m  begin transaction
  [1m[36mSQL (0.7ms)[0m  [1mINSERT INTO "movies" ("created_at", "description", "rating", "release_date", "title", "updated_at") VALUES (?, ?, ?, ?, ?, ?)[0m  [["created_at", Sun, 05 Oct 2014 13:42:36 UTC +00:00], ["description", nil], ["rating", "PG-13"], ["release_date", Fri, 05 Jan 2001 00:00:00 UTC +00:00], ["title", "Chocolat"], ["updated_at", Sun, 05 Oct 2014 13:42:36 UTC +00:00]]
  [1m[35m (93.2ms)[0m  commit transaction
  [1m[36m (0.1ms)[0m  [1mbegin transaction[0m
  [1m[35mSQL (0.7ms)[0m  INSERT INTO "movies" ("created_at", "description", "rating", "release_date", "title", "updated_at") VALUES (?, ?, ?, ?, ?, ?)  [["created_at", Sun, 05 Oct 2014 13:42:36 UTC +00:00], ["description", nil], ["rating", "R"], ["release_date", Wed, 25 Apr 2001 00:00:00 UTC +00:00], ["title", "Amelie"], ["updated_at", Sun, 05 Oct 2014 13:42:36 UTC +00:00]]
  [1m[36m (94.9ms)[0m  [1mcommit transaction[0m
  [1m[35m (0.1ms)[0m  begin transaction
  [1m[36mSQL (0.7ms)[0m  [1mINSERT INTO "movies" ("created_at", "description", "rating", "release_date", "title", "updated_at") VALUES (?, ?, ?, ?, ?, ?)[0m  [["created_at", Sun, 05 Oct 2014 13:42:36 UTC +00:00], ["description", nil], ["rating", "G"], ["release_date", Sat, 06 Apr 1968 00:00:00 UTC +00:00], ["title", "2001: A Space Odyssey"], ["updated_at", Sun, 05 Oct 2014 13:42:36 UTC +00:00]]
  [1m[35m (94.5ms)[0m  commit transaction
  [1m[36m (0.1ms)[0m  [1mbegin transaction[0m
  [1m[35mSQL (0.7ms)[0m  INSERT INTO "movies" ("created_at", "description", "rating", "release_date", "title", "updated_at") VALUES (?, ?, ?, ?, ?, ?)  [["created_at", Sun, 05 Oct 2014 13:42:36 UTC +00:00], ["description", nil], ["rating", "PG"], ["release_date", Fri, 05 Nov 2004 00:00:00 UTC +00:00], ["title", "The Incredibles"], ["updated_at", Sun, 05 Oct 2014 13:42:36 UTC +00:00]]
  [1m[36m (93.2ms)[0m  [1mcommit transaction[0m
  [1m[35m (0.1ms)[0m  begin transaction
  [1m[36mSQL (0.7ms)[0m  [1mINSERT INTO "movies" ("created_at", "description", "rating", "release_date", "title", "updated_at") VALUES (?, ?, ?, ?, ?, ?)[0m  [["created_at", Sun, 05 Oct 2014 13:42:36 UTC +00:00], ["description", nil], ["rating", "PG"], ["release_date", Fri, 12 Jun 1981 00:00:00 UTC +00:00], ["title", "Raiders of the Lost Ark"], ["updated_at", Sun, 05 Oct 2014 13:42:36 UTC +00:00]]
  [1m[35m (93.2ms)[0m  commit transaction
  [1m[36m (0.1ms)[0m  [1mbegin transaction[0m
  [1m[35mSQL (0.7ms)[0m  INSERT INTO "movies" ("created_at", "description", "rating", "release_date", "title", "updated_at") VALUES (?, ?, ?, ?, ?, ?)  [["created_at", Sun, 05 Oct 2014 13:42:36 UTC +00:00], ["description", nil], ["rating", "G"], ["release_date", Wed, 21 Jun 2000 00:00:00 UTC +00:00], ["title", "Chicken Run"], ["updated_at", Sun, 05 Oct 2014 13:42:36 UTC +00:00]]
  [1m[36m (93.1ms)[0m  [1mcommit transaction[0m


Started GET "/movies" for 127.0.0.1 at 2014-10-05 09:42:45 -0400
Connecting to database specified by database.yml
Processing by MoviesController#index as HTML
  [1m[36mMovie Load (0.1ms)[0m  [1mSELECT "movies".* FROM "movies" [0m
  Rendered movies/index.html.haml within layouts/application (40.3ms)
Compiled application.css  (0ms)  (pid 2396)
Compiled jquery.js  (5ms)  (pid 2396)
Compiled jquery_ujs.js  (0ms)  (pid 2396)
Compiled application.js  (76ms)  (pid 2396)
Completed 200 OK in 235.5ms (Views: 148.8ms | ActiveRecord: 33.0ms)


Started GET "/assets/application.css?body=1" for 127.0.0.1 at 2014-10-05 09:42:46 -0400
Served asset /application.css - 200 OK (8ms)


Started GET "/assets/jquery.js?body=1" for 127.0.0.1 at 2014-10-05 09:42:46 -0400
Served asset /jquery.js - 200 OK (5ms)


Started GET "/assets/application.js?body=1" for 127.0.0.1 at 2014-10-05 09:42:46 -0400
Served asset /application.js - 200 OK (8ms)


Started GET "/assets/jquery_ujs.js?body=1" for 127.0.0.1 at 2014-10-05 09:42:46 -0400
Served asset /jquery_ujs.js - 200 OK (4ms)


Started GET "/movies?id=title_header&sort_by=title" for 127.0.0.1 at 2014-10-05 09:42:48 -0400
Processing by MoviesController#index as HTML
  Parameters: {"id"=>"title_header", "sort_by"=>"title"}
  [1m[35mMovie Load (0.7ms)[0m  SELECT "movies".* FROM "movies" ORDER BY title
  Rendered movies/index.html.haml within layouts/application (3.2ms)
Completed 200 OK in 12.4ms (Views: 8.5ms | ActiveRecord: 0.7ms)


Started GET "/assets/application.css?body=1" for 127.0.0.1 at 2014-10-05 09:42:48 -0400
Served asset /application.css - 304 Not Modified (0ms)


Started GET "/assets/jquery.js?body=1" for 127.0.0.1 at 2014-10-05 09:42:48 -0400
Served asset /jquery.js - 304 Not Modified (2ms)


Started GET "/assets/jquery_ujs.js?body=1" for 127.0.0.1 at 2014-10-05 09:42:48 -0400
Served asset /jquery_ujs.js - 304 Not Modified (1ms)


Started GET "/assets/application.js?body=1" for 127.0.0.1 at 2014-10-05 09:42:48 -0400
Served asset /application.js - 304 Not Modified (3ms)


Started GET "/movies?id=release_date_header&sort_by=release_date" for 127.0.0.1 at 2014-10-05 09:42:49 -0400
Processing by MoviesController#index as HTML
  Parameters: {"id"=>"release_date_header", "sort_by"=>"release_date"}
  [1m[36mMovie Load (0.7ms)[0m  [1mSELECT "movies".* FROM "movies" ORDER BY release_date[0m
  Rendered movies/index.html.haml within layouts/application (7.4ms)
Completed 200 OK in 17.0ms (Views: 13.1ms | ActiveRecord: 0.7ms)


Started GET "/assets/application.css?body=1" for 127.0.0.1 at 2014-10-05 09:42:49 -0400
Served asset /application.css - 304 Not Modified (0ms)


Started GET "/assets/jquery.js?body=1" for 127.0.0.1 at 2014-10-05 09:42:49 -0400
Served asset /jquery.js - 304 Not Modified (7ms)


Started GET "/assets/jquery_ujs.js?body=1" for 127.0.0.1 at 2014-10-05 09:42:49 -0400
Served asset /jquery_ujs.js - 304 Not Modified (0ms)


Started GET "/assets/application.js?body=1" for 127.0.0.1 at 2014-10-05 09:42:49 -0400
Served asset /application.js - 304 Not Modified (3ms)


Started GET "/movies?id=title_header&sort_by=title" for 127.0.0.1 at 2014-10-05 09:42:52 -0400
Processing by MoviesController#index as HTML
  Parameters: {"id"=>"title_header", "sort_by"=>"title"}
  [1m[35mMovie Load (0.7ms)[0m  SELECT "movies".* FROM "movies" ORDER BY title
  Rendered movies/index.html.haml within layouts/application (3.3ms)
Completed 200 OK in 13.2ms (Views: 9.2ms | ActiveRecord: 0.7ms)


Started GET "/assets/application.css?body=1" for 127.0.0.1 at 2014-10-05 09:42:52 -0400
Served asset /application.css - 304 Not Modified (2ms)


Started GET "/assets/jquery.js?body=1" for 127.0.0.1 at 2014-10-05 09:42:52 -0400
Served asset /jquery.js - 304 Not Modified (2ms)


Started GET "/assets/jquery_ujs.js?body=1" for 127.0.0.1 at 2014-10-05 09:42:52 -0400
Served asset /jquery_ujs.js - 304 Not Modified (0ms)


Started GET "/assets/application.js?body=1" for 127.0.0.1 at 2014-10-05 09:42:52 -0400
Served asset /application.js - 304 Not Modified (3ms)


Started GET "/movies?id=title_header&sort_by=title" for 127.0.0.1 at 2014-10-05 09:45:59 -0400
Processing by MoviesController#index as HTML
  Parameters: {"id"=>"title_header", "sort_by"=>"title"}
  [1m[36mMovie Load (0.7ms)[0m  [1mSELECT "movies".* FROM "movies" ORDER BY title[0m
  Rendered movies/index.html.haml within layouts/application (53.0ms)
Completed 200 OK in 62.9ms (Views: 58.8ms | ActiveRecord: 0.7ms)


Started GET "/assets/application.css?body=1" for 127.0.0.1 at 2014-10-05 09:45:59 -0400
Served asset /application.css - 304 Not Modified (5ms)


Started GET "/assets/jquery.js?body=1" for 127.0.0.1 at 2014-10-05 09:45:59 -0400
Served asset /jquery.js - 304 Not Modified (2ms)


Started GET "/assets/jquery_ujs.js?body=1" for 127.0.0.1 at 2014-10-05 09:45:59 -0400
Served asset /jquery_ujs.js - 304 Not Modified (0ms)


Started GET "/assets/application.js?body=1" for 127.0.0.1 at 2014-10-05 09:45:59 -0400
Served asset /application.js - 304 Not Modified (1ms)


Started GET "/movies?id=title_header&sort_by=title" for 127.0.0.1 at 2014-10-05 09:46:21 -0400
Processing by MoviesController#index as HTML
  Parameters: {"id"=>"title_header", "sort_by"=>"title"}
  [1m[35mMovie Load (0.4ms)[0m  SELECT "movies".* FROM "movies" ORDER BY title
  Rendered movies/index.html.haml within layouts/application (6.2ms)
Completed 200 OK in 12.0ms (Views: 9.6ms | ActiveRecord: 0.4ms)


Started GET "/assets/application.css?body=1" for 127.0.0.1 at 2014-10-05 09:46:21 -0400
Served asset /application.css - 304 Not Modified (0ms)


Started GET "/assets/jquery.js?body=1" for 127.0.0.1 at 2014-10-05 09:46:21 -0400
Served asset /jquery.js - 304 Not Modified (3ms)


Started GET "/assets/jquery_ujs.js?body=1" for 127.0.0.1 at 2014-10-05 09:46:21 -0400
Served asset /jquery_ujs.js - 304 Not Modified (0ms)


Started GET "/assets/application.js?body=1" for 127.0.0.1 at 2014-10-05 09:46:21 -0400
Served asset /application.js - 304 Not Modified (3ms)


Started GET "/movies?id=title_header&sort_by=title" for 127.0.0.1 at 2014-10-05 09:48:11 -0400
Processing by MoviesController#index as HTML
  Parameters: {"id"=>"title_header", "sort_by"=>"title"}
  [1m[36mMovie Load (0.2ms)[0m  [1mSELECT "movies".* FROM "movies" ORDER BY title[0m
  Rendered movies/index.html.haml within layouts/application (6.9ms)
Completed 200 OK in 19.9ms (Views: 10.9ms | ActiveRecord: 0.7ms)


Started GET "/assets/application.css?body=1" for 127.0.0.1 at 2014-10-05 09:48:11 -0400
Served asset /application.css - 304 Not Modified (0ms)


Started GET "/assets/jquery_ujs.js?body=1" for 127.0.0.1 at 2014-10-05 09:48:11 -0400
Served asset /jquery_ujs.js - 304 Not Modified (0ms)


Started GET "/assets/jquery.js?body=1" for 127.0.0.1 at 2014-10-05 09:48:11 -0400
Served asset /jquery.js - 304 Not Modified (4ms)


Started GET "/assets/application.js?body=1" for 127.0.0.1 at 2014-10-05 09:48:11 -0400
Served asset /application.js - 304 Not Modified (0ms)


Started GET "/movies?id=title_header&sort_by=title" for 127.0.0.1 at 2014-10-05 10:04:06 -0400

SyntaxError (/home/dpnemergut/Documents/Class/Software/HW/rails-intro/app/controllers/movies_controller.rb:13: syntax error, unexpected tIVAR, expecting ')'
    @test = "hilite"
         ^):
  activesupport (3.2.18) lib/active_support/dependencies.rb:469:in `load'
  activesupport (3.2.18) lib/active_support/dependencies.rb:469:in `block in load_file'
  activesupport (3.2.18) lib/active_support/dependencies.rb:639:in `new_constants_in'
  activesupport (3.2.18) lib/active_support/dependencies.rb:468:in `load_file'
  activesupport (3.2.18) lib/active_support/dependencies.rb:353:in `require_or_load'
  activesupport (3.2.18) lib/active_support/dependencies.rb:502:in `load_missing_constant'
  activesupport (3.2.18) lib/active_support/dependencies.rb:192:in `block in const_missing'
  activesupport (3.2.18) lib/active_support/dependencies.rb:190:in `each'
  activesupport (3.2.18) lib/active_support/dependencies.rb:190:in `const_missing'
  activesupport (3.2.18) lib/active_support/inflector/methods.rb:230:in `block in constantize'
  activesupport (3.2.18) lib/active_support/inflector/methods.rb:229:in `each'
  activesupport (3.2.18) lib/active_support/inflector/methods.rb:229:in `constantize'
  activesupport (3.2.18) lib/active_support/dependencies.rb:554:in `get'
  actionpack (3.2.18) lib/action_dispatch/routing/route_set.rb:69:in `controller_reference'
  actionpack (3.2.18) lib/action_dispatch/routing/route_set.rb:54:in `controller'
  actionpack (3.2.18) lib/action_dispatch/routing/route_set.rb:32:in `call'
  journey (1.0.4) lib/journey/router.rb:68:in `block in call'
  journey (1.0.4) lib/journey/router.rb:56:in `each'
  journey (1.0.4) lib/journey/router.rb:56:in `call'
  actionpack (3.2.18) lib/action_dispatch/routing/route_set.rb:608:in `call'
  actionpack (3.2.18) lib/action_dispatch/middleware/best_standards_support.rb:17:in `call'
  rack (1.4.5) lib/rack/etag.rb:23:in `call'
  rack (1.4.5) lib/rack/conditionalget.rb:25:in `call'
  actionpack (3.2.18) lib/action_dispatch/middleware/head.rb:14:in `call'
  actionpack (3.2.18) lib/action_dispatch/middleware/params_parser.rb:21:in `call'
  actionpack (3.2.18) lib/action_dispatch/middleware/flash.rb:242:in `call'
  rack (1.4.5) lib/rack/session/abstract/id.rb:210:in `context'
  rack (1.4.5) lib/rack/session/abstract/id.rb:205:in `call'
  actionpack (3.2.18) lib/action_dispatch/middleware/cookies.rb:341:in `call'
  activerecord (3.2.18) lib/active_record/query_cache.rb:64:in `call'
  activerecord (3.2.18) lib/active_record/connection_adapters/abstract/connection_pool.rb:479:in `call'
  actionpack (3.2.18) lib/action_dispatch/middleware/callbacks.rb:28:in `block in call'
  activesupport (3.2.18) lib/active_support/callbacks.rb:405:in `_run__2886680679226978782__call__3744832970919749209__callbacks'
  activesupport (3.2.18) lib/active_support/callbacks.rb:405:in `__run_callback'
  activesupport (3.2.18) lib/active_support/callbacks.rb:385:in `_run_call_callbacks'
  activesupport (3.2.18) lib/active_support/callbacks.rb:81:in `run_callbacks'
  actionpack (3.2.18) lib/action_dispatch/middleware/callbacks.rb:27:in `call'
  actionpack (3.2.18) lib/action_dispatch/middleware/reloader.rb:65:in `call'
  actionpack (3.2.18) lib/action_dispatch/middleware/remote_ip.rb:31:in `call'
  actionpack (3.2.18) lib/action_dispatch/middleware/debug_exceptions.rb:16:in `call'
  actionpack (3.2.18) lib/action_dispatch/middleware/show_exceptions.rb:56:in `call'
  railties (3.2.18) lib/rails/rack/logger.rb:32:in `call_app'
  railties (3.2.18) lib/rails/rack/logger.rb:16:in `block in call'
  activesupport (3.2.18) lib/active_support/tagged_logging.rb:22:in `tagged'
  railties (3.2.18) lib/rails/rack/logger.rb:16:in `call'
  actionpack (3.2.18) lib/action_dispatch/middleware/request_id.rb:22:in `call'
  rack (1.4.5) lib/rack/methodoverride.rb:21:in `call'
  rack (1.4.5) lib/rack/runtime.rb:17:in `call'
  activesupport (3.2.18) lib/active_support/cache/strategy/local_cache.rb:72:in `call'
  rack (1.4.5) lib/rack/lock.rb:15:in `call'
  actionpack (3.2.18) lib/action_dispatch/middleware/static.rb:63:in `call'
  railties (3.2.18) lib/rails/engine.rb:484:in `call'
  railties (3.2.18) lib/rails/application.rb:231:in `call'
  rack (1.4.5) lib/rack/content_length.rb:14:in `call'
  railties (3.2.18) lib/rails/rack/log_tailer.rb:17:in `call'
  rack (1.4.5) lib/rack/handler/webrick.rb:59:in `service'
  /usr/lib/ruby/1.9.1/webrick/httpserver.rb:138:in `service'
  /usr/lib/ruby/1.9.1/webrick/httpserver.rb:94:in `run'
  /usr/lib/ruby/1.9.1/webrick/server.rb:191:in `block in start_thread'


  Rendered /var/lib/gems/1.9.1/gems/actionpack-3.2.18/lib/action_dispatch/middleware/templates/rescues/_trace.erb (1.3ms)
  Rendered /var/lib/gems/1.9.1/gems/actionpack-3.2.18/lib/action_dispatch/middleware/templates/rescues/_request_and_response.erb (1.0ms)
  Rendered /var/lib/gems/1.9.1/gems/actionpack-3.2.18/lib/action_dispatch/middleware/templates/rescues/diagnostics.erb within rescues/layout (8.8ms)


Started GET "/movies?id=title_header&sort_by=title" for 127.0.0.1 at 2014-10-05 10:04:19 -0400
Processing by MoviesController#index as HTML
  Parameters: {"id"=>"title_header", "sort_by"=>"title"}
  [1m[35mMovie Load (0.3ms)[0m  SELECT "movies".* FROM "movies" ORDER BY title
  Rendered movies/index.html.haml within layouts/application (3.2ms)
Completed 200 OK in 55.0ms (Views: 6.9ms | ActiveRecord: 0.9ms)


Started GET "/assets/application.css?body=1" for 127.0.0.1 at 2014-10-05 10:04:19 -0400
Served asset /application.css - 304 Not Modified (0ms)


Started GET "/assets/jquery.js?body=1" for 127.0.0.1 at 2014-10-05 10:04:19 -0400
Served asset /jquery.js - 304 Not Modified (4ms)


Started GET "/assets/application.js?body=1" for 127.0.0.1 at 2014-10-05 10:04:19 -0400
Served asset /application.js - 304 Not Modified (2ms)


Started GET "/assets/jquery_ujs.js?body=1" for 127.0.0.1 at 2014-10-05 10:04:19 -0400
Served asset /jquery_ujs.js - 304 Not Modified (0ms)


Started GET "/movies?id=title_header&sort_by=title" for 127.0.0.1 at 2014-10-05 10:26:51 -0400
Processing by MoviesController#index as HTML
  Parameters: {"id"=>"title_header", "sort_by"=>"title"}
  [1m[36mMovie Load (0.2ms)[0m  [1mSELECT "movies".* FROM "movies" ORDER BY title[0m
Completed 500 Internal Server Error in 8.4ms

ArgumentError (wrong number of arguments(1 for 2)):
  app/controllers/movies_controller.rb:11:in `instance_variable_set'
  app/controllers/movies_controller.rb:11:in `index'


  Rendered /var/lib/gems/1.9.1/gems/actionpack-3.2.18/lib/action_dispatch/middleware/templates/rescues/_trace.erb (1.1ms)
  Rendered /var/lib/gems/1.9.1/gems/actionpack-3.2.18/lib/action_dispatch/middleware/templates/rescues/_request_and_response.erb (1.0ms)
  Rendered /var/lib/gems/1.9.1/gems/actionpack-3.2.18/lib/action_dispatch/middleware/templates/rescues/diagnostics.erb within rescues/layout (8.1ms)


Started GET "/movies?id=title_header&sort_by=title" for 127.0.0.1 at 2014-10-05 10:27:18 -0400
Processing by MoviesController#index as HTML
  Parameters: {"id"=>"title_header", "sort_by"=>"title"}
  [1m[35mMovie Load (0.2ms)[0m  SELECT "movies".* FROM "movies" ORDER BY title
  Rendered movies/index.html.haml within layouts/application (3.2ms)
Completed 200 OK in 16.0ms (Views: 7.8ms | ActiveRecord: 0.6ms)


Started GET "/assets/application.css?body=1" for 127.0.0.1 at 2014-10-05 10:27:18 -0400
Served asset /application.css - 304 Not Modified (0ms)


Started GET "/assets/jquery_ujs.js?body=1" for 127.0.0.1 at 2014-10-05 10:27:18 -0400
Served asset /jquery_ujs.js - 304 Not Modified (0ms)


Started GET "/assets/jquery.js?body=1" for 127.0.0.1 at 2014-10-05 10:27:18 -0400
Served asset /jquery.js - 304 Not Modified (2ms)


Started GET "/assets/application.js?body=1" for 127.0.0.1 at 2014-10-05 10:27:18 -0400
Served asset /application.js - 304 Not Modified (3ms)


Started GET "/movies?id=title_header&sort_by=title" for 127.0.0.1 at 2014-10-05 10:27:28 -0400
Processing by MoviesController#index as HTML
  Parameters: {"id"=>"title_header", "sort_by"=>"title"}
  [1m[36mMovie Load (0.2ms)[0m  [1mSELECT "movies".* FROM "movies" ORDER BY title[0m
  Rendered movies/index.html.haml within layouts/application (3.1ms)
Completed 200 OK in 14.9ms (Views: 6.7ms | ActiveRecord: 0.6ms)


Started GET "/assets/application.css?body=1" for 127.0.0.1 at 2014-10-05 10:27:28 -0400
Served asset /application.css - 304 Not Modified (8ms)


Started GET "/assets/jquery.js?body=1" for 127.0.0.1 at 2014-10-05 10:27:28 -0400
Served asset /jquery.js - 304 Not Modified (1ms)


Started GET "/assets/application.js?body=1" for 127.0.0.1 at 2014-10-05 10:27:28 -0400
Served asset /application.js - 304 Not Modified (6ms)


Started GET "/assets/jquery_ujs.js?body=1" for 127.0.0.1 at 2014-10-05 10:27:28 -0400
Served asset /jquery_ujs.js - 304 Not Modified (0ms)


Started GET "/movies?id=release_date_header&sort_by=release_date" for 127.0.0.1 at 2014-10-05 10:27:37 -0400
Processing by MoviesController#index as HTML
  Parameters: {"id"=>"release_date_header", "sort_by"=>"release_date"}
  [1m[35mMovie Load (0.7ms)[0m  SELECT "movies".* FROM "movies" ORDER BY release_date
  Rendered movies/index.html.haml within layouts/application (3.1ms)
Completed 200 OK in 12.0ms (Views: 8.1ms | ActiveRecord: 0.7ms)


Started GET "/assets/jquery.js?body=1" for 127.0.0.1 at 2014-10-05 10:27:37 -0400
Served asset /jquery.js - 304 Not Modified (7ms)


Started GET "/assets/application.css?body=1" for 127.0.0.1 at 2014-10-05 10:27:37 -0400
Served asset /application.css - 304 Not Modified (0ms)


Started GET "/assets/jquery_ujs.js?body=1" for 127.0.0.1 at 2014-10-05 10:27:37 -0400
Served asset /jquery_ujs.js - 304 Not Modified (0ms)


Started GET "/assets/application.js?body=1" for 127.0.0.1 at 2014-10-05 10:27:37 -0400
Served asset /application.js - 304 Not Modified (1ms)


Started GET "/movies?id=title_header&sort_by=title" for 127.0.0.1 at 2014-10-05 10:27:38 -0400
Processing by MoviesController#index as HTML
  Parameters: {"id"=>"title_header", "sort_by"=>"title"}
  [1m[36mMovie Load (0.3ms)[0m  [1mSELECT "movies".* FROM "movies" ORDER BY title[0m
  Rendered movies/index.html.haml within layouts/application (3.5ms)
Completed 200 OK in 8.3ms (Views: 6.8ms | ActiveRecord: 0.3ms)


Started GET "/assets/application.css?body=1" for 127.0.0.1 at 2014-10-05 10:27:38 -0400
Served asset /application.css - 304 Not Modified (0ms)


Started GET "/assets/application.js?body=1" for 127.0.0.1 at 2014-10-05 10:27:38 -0400
Served asset /application.js - 304 Not Modified (4ms)


Started GET "/assets/jquery_ujs.js?body=1" for 127.0.0.1 at 2014-10-05 10:27:38 -0400
Served asset /jquery_ujs.js - 304 Not Modified (0ms)


Started GET "/assets/jquery.js?body=1" for 127.0.0.1 at 2014-10-05 10:27:38 -0400
Served asset /jquery.js - 304 Not Modified (3ms)


Started GET "/movies" for 127.0.0.1 at 2014-10-05 10:27:42 -0400
Processing by MoviesController#index as HTML
  [1m[35mMovie Load (0.6ms)[0m  SELECT "movies".* FROM "movies" 
Completed 500 Internal Server Error in 3.8ms

TypeError (can't convert nil into String):
  app/controllers/movies_controller.rb:11:in `+'
  app/controllers/movies_controller.rb:11:in `index'


  Rendered /var/lib/gems/1.9.1/gems/actionpack-3.2.18/lib/action_dispatch/middleware/templates/rescues/_trace.erb (1.1ms)
  Rendered /var/lib/gems/1.9.1/gems/actionpack-3.2.18/lib/action_dispatch/middleware/templates/rescues/_request_and_response.erb (1.0ms)
  Rendered /var/lib/gems/1.9.1/gems/actionpack-3.2.18/lib/action_dispatch/middleware/templates/rescues/diagnostics.erb within rescues/layout (7.7ms)


Started GET "/movies" for 127.0.0.1 at 2014-10-05 10:28:12 -0400

SyntaxError (/home/dpnemergut/Documents/Class/Software/HW/rails-intro/app/controllers/movies_controller.rb:43: syntax error, unexpected $end, expecting keyword_end):
  activesupport (3.2.18) lib/active_support/dependencies.rb:469:in `load'
  activesupport (3.2.18) lib/active_support/dependencies.rb:469:in `block in load_file'
  activesupport (3.2.18) lib/active_support/dependencies.rb:639:in `new_constants_in'
  activesupport (3.2.18) lib/active_support/dependencies.rb:468:in `load_file'
  activesupport (3.2.18) lib/active_support/dependencies.rb:353:in `require_or_load'
  activesupport (3.2.18) lib/active_support/dependencies.rb:502:in `load_missing_constant'
  activesupport (3.2.18) lib/active_support/dependencies.rb:192:in `block in const_missing'
  activesupport (3.2.18) lib/active_support/dependencies.rb:190:in `each'
  activesupport (3.2.18) lib/active_support/dependencies.rb:190:in `const_missing'
  activesupport (3.2.18) lib/active_support/inflector/methods.rb:230:in `block in constantize'
  activesupport (3.2.18) lib/active_support/inflector/methods.rb:229:in `each'
  activesupport (3.2.18) lib/active_support/inflector/methods.rb:229:in `constantize'
  activesupport (3.2.18) lib/active_support/dependencies.rb:554:in `get'
  actionpack (3.2.18) lib/action_dispatch/routing/route_set.rb:69:in `controller_reference'
  actionpack (3.2.18) lib/action_dispatch/routing/route_set.rb:54:in `controller'
  actionpack (3.2.18) lib/action_dispatch/routing/route_set.rb:32:in `call'
  journey (1.0.4) lib/journey/router.rb:68:in `block in call'
  journey (1.0.4) lib/journey/router.rb:56:in `each'
  journey (1.0.4) lib/journey/router.rb:56:in `call'
  actionpack (3.2.18) lib/action_dispatch/routing/route_set.rb:608:in `call'
  actionpack (3.2.18) lib/action_dispatch/middleware/best_standards_support.rb:17:in `call'
  rack (1.4.5) lib/rack/etag.rb:23:in `call'
  rack (1.4.5) lib/rack/conditionalget.rb:25:in `call'
  actionpack (3.2.18) lib/action_dispatch/middleware/head.rb:14:in `call'
  actionpack (3.2.18) lib/action_dispatch/middleware/params_parser.rb:21:in `call'
  actionpack (3.2.18) lib/action_dispatch/middleware/flash.rb:242:in `call'
  rack (1.4.5) lib/rack/session/abstract/id.rb:210:in `context'
  rack (1.4.5) lib/rack/session/abstract/id.rb:205:in `call'
  actionpack (3.2.18) lib/action_dispatch/middleware/cookies.rb:341:in `call'
  activerecord (3.2.18) lib/active_record/query_cache.rb:64:in `call'
  activerecord (3.2.18) lib/active_record/connection_adapters/abstract/connection_pool.rb:479:in `call'
  actionpack (3.2.18) lib/action_dispatch/middleware/callbacks.rb:28:in `block in call'
  activesupport (3.2.18) lib/active_support/callbacks.rb:405:in `_run__2886680679226978782__call__3744832970919749209__callbacks'
  activesupport (3.2.18) lib/active_support/callbacks.rb:405:in `__run_callback'
  activesupport (3.2.18) lib/active_support/callbacks.rb:385:in `_run_call_callbacks'
  activesupport (3.2.18) lib/active_support/callbacks.rb:81:in `run_callbacks'
  actionpack (3.2.18) lib/action_dispatch/middleware/callbacks.rb:27:in `call'
  actionpack (3.2.18) lib/action_dispatch/middleware/reloader.rb:65:in `call'
  actionpack (3.2.18) lib/action_dispatch/middleware/remote_ip.rb:31:in `call'
  actionpack (3.2.18) lib/action_dispatch/middleware/debug_exceptions.rb:16:in `call'
  actionpack (3.2.18) lib/action_dispatch/middleware/show_exceptions.rb:56:in `call'
  railties (3.2.18) lib/rails/rack/logger.rb:32:in `call_app'
  railties (3.2.18) lib/rails/rack/logger.rb:16:in `block in call'
  activesupport (3.2.18) lib/active_support/tagged_logging.rb:22:in `tagged'
  railties (3.2.18) lib/rails/rack/logger.rb:16:in `call'
  actionpack (3.2.18) lib/action_dispatch/middleware/request_id.rb:22:in `call'
  rack (1.4.5) lib/rack/methodoverride.rb:21:in `call'
  rack (1.4.5) lib/rack/runtime.rb:17:in `call'
  activesupport (3.2.18) lib/active_support/cache/strategy/local_cache.rb:72:in `call'
  rack (1.4.5) lib/rack/lock.rb:15:in `call'
  actionpack (3.2.18) lib/action_dispatch/middleware/static.rb:63:in `call'
  railties (3.2.18) lib/rails/engine.rb:484:in `call'
  railties (3.2.18) lib/rails/application.rb:231:in `call'
  rack (1.4.5) lib/rack/content_length.rb:14:in `call'
  railties (3.2.18) lib/rails/rack/log_tailer.rb:17:in `call'
  rack (1.4.5) lib/rack/handler/webrick.rb:59:in `service'
  /usr/lib/ruby/1.9.1/webrick/httpserver.rb:138:in `service'
  /usr/lib/ruby/1.9.1/webrick/httpserver.rb:94:in `run'
  /usr/lib/ruby/1.9.1/webrick/server.rb:191:in `block in start_thread'


  Rendered /var/lib/gems/1.9.1/gems/actionpack-3.2.18/lib/action_dispatch/middleware/templates/rescues/_trace.erb (1.1ms)
  Rendered /var/lib/gems/1.9.1/gems/actionpack-3.2.18/lib/action_dispatch/middleware/templates/rescues/_request_and_response.erb (1.0ms)
  Rendered /var/lib/gems/1.9.1/gems/actionpack-3.2.18/lib/action_dispatch/middleware/templates/rescues/diagnostics.erb within rescues/layout (7.5ms)


Started GET "/movies" for 127.0.0.1 at 2014-10-05 10:28:31 -0400
Processing by MoviesController#index as HTML
  [1m[36mMovie Load (0.1ms)[0m  [1mSELECT "movies".* FROM "movies" [0m
  Rendered movies/index.html.haml within layouts/application (3.2ms)
Completed 200 OK in 57.6ms (Views: 6.7ms | ActiveRecord: 0.6ms)


Started GET "/assets/application.css?body=1" for 127.0.0.1 at 2014-10-05 10:28:32 -0400
Served asset /application.css - 304 Not Modified (1ms)


Started GET "/assets/jquery.js?body=1" for 127.0.0.1 at 2014-10-05 10:28:32 -0400
Served asset /jquery.js - 304 Not Modified (1ms)


Started GET "/assets/jquery_ujs.js?body=1" for 127.0.0.1 at 2014-10-05 10:28:32 -0400
Served asset /jquery_ujs.js - 304 Not Modified (1ms)


Started GET "/assets/application.js?body=1" for 127.0.0.1 at 2014-10-05 10:28:32 -0400
Served asset /application.js - 304 Not Modified (3ms)


Started GET "/movies?id=title_header&sort_by=title" for 127.0.0.1 at 2014-10-05 10:28:33 -0400
Processing by MoviesController#index as HTML
  Parameters: {"id"=>"title_header", "sort_by"=>"title"}
  [1m[35mMovie Load (0.3ms)[0m  SELECT "movies".* FROM "movies" ORDER BY title
  Rendered movies/index.html.haml within layouts/application (3.3ms)
Completed 200 OK in 8.9ms (Views: 7.0ms | ActiveRecord: 0.3ms)


Started GET "/assets/application.css?body=1" for 127.0.0.1 at 2014-10-05 10:28:33 -0400
Served asset /application.css - 304 Not Modified (0ms)


Started GET "/assets/jquery.js?body=1" for 127.0.0.1 at 2014-10-05 10:28:33 -0400
Served asset /jquery.js - 304 Not Modified (3ms)


Started GET "/assets/jquery_ujs.js?body=1" for 127.0.0.1 at 2014-10-05 10:28:33 -0400
Served asset /jquery_ujs.js - 304 Not Modified (0ms)


Started GET "/assets/application.js?body=1" for 127.0.0.1 at 2014-10-05 10:28:33 -0400
Served asset /application.js - 304 Not Modified (1ms)


Started GET "/movies?id=release_date_header&sort_by=release_date" for 127.0.0.1 at 2014-10-05 10:28:34 -0400
Processing by MoviesController#index as HTML
  Parameters: {"id"=>"release_date_header", "sort_by"=>"release_date"}
  [1m[36mMovie Load (0.3ms)[0m  [1mSELECT "movies".* FROM "movies" ORDER BY release_date[0m
  Rendered movies/index.html.haml within layouts/application (3.2ms)
Completed 200 OK in 8.1ms (Views: 6.4ms | ActiveRecord: 0.3ms)


Started GET "/assets/application.css?body=1" for 127.0.0.1 at 2014-10-05 10:28:35 -0400
Served asset /application.css - 304 Not Modified (0ms)


Started GET "/assets/jquery.js?body=1" for 127.0.0.1 at 2014-10-05 10:28:35 -0400
Served asset /jquery.js - 304 Not Modified (1ms)


Started GET "/assets/jquery_ujs.js?body=1" for 127.0.0.1 at 2014-10-05 10:28:35 -0400
Served asset /jquery_ujs.js - 304 Not Modified (0ms)


Started GET "/assets/application.js?body=1" for 127.0.0.1 at 2014-10-05 10:28:35 -0400
Served asset /application.js - 304 Not Modified (2ms)


Started GET "/movies?id=title_header&sort_by=title" for 127.0.0.1 at 2014-10-05 10:28:36 -0400
Processing by MoviesController#index as HTML
  Parameters: {"id"=>"title_header", "sort_by"=>"title"}
  [1m[35mMovie Load (0.3ms)[0m  SELECT "movies".* FROM "movies" ORDER BY title
  Rendered movies/index.html.haml within layouts/application (3.7ms)
Completed 200 OK in 8.7ms (Views: 7.2ms | ActiveRecord: 0.3ms)


Started GET "/assets/application.css?body=1" for 127.0.0.1 at 2014-10-05 10:28:36 -0400
Served asset /application.css - 304 Not Modified (4ms)


Started GET "/assets/jquery.js?body=1" for 127.0.0.1 at 2014-10-05 10:28:36 -0400
Served asset /jquery.js - 304 Not Modified (4ms)


Started GET "/assets/jquery_ujs.js?body=1" for 127.0.0.1 at 2014-10-05 10:28:36 -0400
Served asset /jquery_ujs.js - 304 Not Modified (0ms)


Started GET "/assets/application.js?body=1" for 127.0.0.1 at 2014-10-05 10:28:36 -0400
Served asset /application.js - 304 Not Modified (3ms)


Started GET "/movies?id=release_date_header&sort_by=release_date" for 127.0.0.1 at 2014-10-05 10:30:19 -0400
Processing by MoviesController#index as HTML
  Parameters: {"id"=>"release_date_header", "sort_by"=>"release_date"}
  [1m[36mMovie Load (0.3ms)[0m  [1mSELECT "movies".* FROM "movies" ORDER BY release_date[0m
  Rendered movies/index.html.haml within layouts/application (5.4ms)
Completed 200 OK in 10.0ms (Views: 8.6ms | ActiveRecord: 0.3ms)


Started GET "/assets/application.css?body=1" for 127.0.0.1 at 2014-10-05 10:30:19 -0400
Served asset /application.css - 304 Not Modified (2ms)


Started GET "/assets/jquery_ujs.js?body=1" for 127.0.0.1 at 2014-10-05 10:30:19 -0400
Served asset /jquery_ujs.js - 304 Not Modified (3ms)


Started GET "/assets/jquery.js?body=1" for 127.0.0.1 at 2014-10-05 10:30:19 -0400
Served asset /jquery.js - 304 Not Modified (8ms)


Started GET "/assets/application.js?body=1" for 127.0.0.1 at 2014-10-05 10:30:19 -0400
Served asset /application.js - 304 Not Modified (0ms)


Started GET "/movies?id=title_header&sort_by=title" for 127.0.0.1 at 2014-10-05 10:30:20 -0400
Processing by MoviesController#index as HTML
  Parameters: {"id"=>"title_header", "sort_by"=>"title"}
  [1m[35mMovie Load (0.3ms)[0m  SELECT "movies".* FROM "movies" ORDER BY title
  Rendered movies/index.html.haml within layouts/application (3.7ms)
Completed 200 OK in 8.6ms (Views: 7.1ms | ActiveRecord: 0.3ms)


Started GET "/assets/application.css?body=1" for 127.0.0.1 at 2014-10-05 10:30:20 -0400
Served asset /application.css - 304 Not Modified (0ms)


Started GET "/assets/application.js?body=1" for 127.0.0.1 at 2014-10-05 10:30:20 -0400
Served asset /application.js - 304 Not Modified (3ms)


Started GET "/assets/jquery.js?body=1" for 127.0.0.1 at 2014-10-05 10:30:20 -0400
Served asset /jquery.js - 304 Not Modified (3ms)


Started GET "/assets/jquery_ujs.js?body=1" for 127.0.0.1 at 2014-10-05 10:30:20 -0400
Served asset /jquery_ujs.js - 304 Not Modified (0ms)


Started GET "/movies?id=release_date_header&sort_by=release_date" for 127.0.0.1 at 2014-10-05 10:30:21 -0400
Processing by MoviesController#index as HTML
  Parameters: {"id"=>"release_date_header", "sort_by"=>"release_date"}
  [1m[36mMovie Load (0.3ms)[0m  [1mSELECT "movies".* FROM "movies" ORDER BY release_date[0m
  Rendered movies/index.html.haml within layouts/application (3.2ms)
Completed 200 OK in 8.2ms (Views: 6.7ms | ActiveRecord: 0.3ms)


Started GET "/assets/application.css?body=1" for 127.0.0.1 at 2014-10-05 10:30:21 -0400
Served asset /application.css - 304 Not Modified (0ms)


Started GET "/assets/jquery_ujs.js?body=1" for 127.0.0.1 at 2014-10-05 10:30:21 -0400
Served asset /jquery_ujs.js - 304 Not Modified (1ms)


Started GET "/assets/jquery.js?body=1" for 127.0.0.1 at 2014-10-05 10:30:21 -0400
Served asset /jquery.js - 304 Not Modified (1ms)


Started GET "/assets/application.js?body=1" for 127.0.0.1 at 2014-10-05 10:30:21 -0400
Served asset /application.js - 304 Not Modified (2ms)


Started GET "/movies?id=title_header&sort_by=title" for 127.0.0.1 at 2014-10-05 10:30:23 -0400
Processing by MoviesController#index as HTML
  Parameters: {"id"=>"title_header", "sort_by"=>"title"}
  [1m[35mMovie Load (0.3ms)[0m  SELECT "movies".* FROM "movies" ORDER BY title
  Rendered movies/index.html.haml within layouts/application (3.5ms)
Completed 200 OK in 9.1ms (Views: 7.5ms | ActiveRecord: 0.3ms)


Started GET "/assets/application.css?body=1" for 127.0.0.1 at 2014-10-05 10:30:23 -0400
Served asset /application.css - 304 Not Modified (0ms)


Started GET "/assets/application.js?body=1" for 127.0.0.1 at 2014-10-05 10:30:23 -0400
Served asset /application.js - 304 Not Modified (9ms)


Started GET "/assets/jquery_ujs.js?body=1" for 127.0.0.1 at 2014-10-05 10:30:23 -0400
Served asset /jquery_ujs.js - 304 Not Modified (0ms)


Started GET "/assets/jquery.js?body=1" for 127.0.0.1 at 2014-10-05 10:30:23 -0400
Served asset /jquery.js - 304 Not Modified (2ms)


Started GET "/movies?id=release_date_header&sort_by=release_date" for 127.0.0.1 at 2014-10-05 10:30:25 -0400
Processing by MoviesController#index as HTML
  Parameters: {"id"=>"release_date_header", "sort_by"=>"release_date"}
  [1m[36mMovie Load (0.3ms)[0m  [1mSELECT "movies".* FROM "movies" ORDER BY release_date[0m
  Rendered movies/index.html.haml within layouts/application (3.2ms)
Completed 200 OK in 8.2ms (Views: 6.5ms | ActiveRecord: 0.3ms)


Started GET "/assets/application.css?body=1" for 127.0.0.1 at 2014-10-05 10:30:25 -0400
Served asset /application.css - 304 Not Modified (4ms)


Started GET "/assets/jquery_ujs.js?body=1" for 127.0.0.1 at 2014-10-05 10:30:25 -0400
Served asset /jquery_ujs.js - 304 Not Modified (2ms)


Started GET "/assets/application.js?body=1" for 127.0.0.1 at 2014-10-05 10:30:25 -0400
Served asset /application.js - 304 Not Modified (1ms)


Started GET "/assets/jquery.js?body=1" for 127.0.0.1 at 2014-10-05 10:30:25 -0400
Served asset /jquery.js - 304 Not Modified (2ms)
